# JRE version: OpenJDK Runtime Environment (21.0.5) (build 21.0.5+-12932927-b750.29)
# Java VM: OpenJDK 64-Bit Server VM (21.0.5+-12932927-b750.29, mixed mode, tiered, compressed oops, compressed class ptrs, g1 gc, windows-amd64)
GC Precious Log:
 CardTable entry size: 512
 Card Set container configuration: InlinePtr #cards 5 size 8 Array Of Cards #cards 12 size 40 Howl #buckets 4 coarsen threshold 1843 Howl Bitmap #cards 512 size 80 coarsen threshold 460 Card regions per heap region 1 cards per card region 2048
 CPUs: 8 total, 8 available
 Memory: 7835M
 Large Page Support: Disabled
 NUMA Support: Disabled
 Compressed Oops: Enabled (32-bit)
 Heap Region Size: 1M
 Heap Min Capacity: 8M
 Heap Initial Capacity: 124M
 Heap Max Capacity: 2G
 Pre-touch: Disabled
 Parallel Workers: 8
 Concurrent Workers: 2
 Concurrent Refinement Workers: 8
 Periodic GC: Disabled
Heap:
 garbage-first heap   total 414720K, used 221184K [0x0000000080000000, 0x0000000100000000)
  region size 1024K, 23 young (23552K), 11 survivors (11264K)
 Metaspace       used 184206K, committed 188352K, reserved 1245184K
  class space    used 23710K, committed 25728K, reserved 1048576K
GC Heap History (20 events):
Event: 2407.125 GC heap before
{Heap before GC invocations=96 (full 0):
 garbage-first heap   total 414720K, used 344453K [0x0000000080000000, 0x0000000100000000)
  region size 1024K, 151 young (154624K), 12 survivors (12288K)
 Metaspace       used 183173K, committed 188352K, reserved 1245184K
  class space    used 23670K, committed 25728K, reserved 1048576K
}
Event: 2407.302 GC heap after
{Heap after GC invocations=97 (full 0):
 garbage-first heap   total 414720K, used 171845K [0x0000000080000000, 0x0000000100000000)
  region size 1024K, 11 young (11264K), 11 survivors (11264K)
 Metaspace       used 183173K, committed 188352K, reserved 1245184K
  class space    used 23670K, committed 25728K, reserved 1048576K
}
Event: 2477.958 GC heap before
{Heap before GC invocations=97 (full 0):
 garbage-first heap   total 414720K, used 278341K [0x0000000080000000, 0x0000000100000000)
  region size 1024K, 116 young (118784K), 11 survivors (11264K)
 Metaspace       used 183215K, committed 188352K, reserved 1245184K
  class space    used 23670K, committed 25728K, reserved 1048576K
}
Event: 2478.230 GC heap after
{Heap after GC invocations=98 (full 0):
 garbage-first heap   total 414720K, used 166268K [0x0000000080000000, 0x0000000100000000)
  region size 1024K, 6 young (6144K), 6 survivors (6144K)
 Metaspace       used 183215K, committed 188352K, reserved 1245184K
  class space    used 23670K, committed 25728K, reserved 1048576K
}
Event: 2480.019 GC heap before
{Heap before GC invocations=98 (full 0):
 garbage-first heap   total 414720K, used 184700K [0x0000000080000000, 0x0000000100000000)
  region size 1024K, 24 young (24576K), 6 survivors (6144K)
 Metaspace       used 183230K, committed 188352K, reserved 1245184K
  class space    used 23670K, committed 25728K, reserved 1048576K
}
Event: 2480.096 GC heap after
{Heap after GC invocations=99 (full 0):
 garbage-first heap   total 414720K, used 165202K [0x0000000080000000, 0x0000000100000000)
  region size 1024K, 3 young (3072K), 3 survivors (3072K)
 Metaspace       used 183230K, committed 188352K, reserved 1245184K
  class space    used 23670K, committed 25728K, reserved 1048576K
}
Event: 2525.378 GC heap before
{Heap before GC invocations=99 (full 0):
 garbage-first heap   total 414720K, used 363858K [0x0000000080000000, 0x0000000100000000)
  region size 1024K, 198 young (202752K), 3 survivors (3072K)
 Metaspace       used 183655K, committed 188352K, reserved 1245184K
  class space    used 23696K, committed 25728K, reserved 1048576K
}
Event: 2525.612 GC heap after
{Heap after GC invocations=100 (full 0):
 garbage-first heap   total 414720K, used 186993K [0x0000000080000000, 0x0000000100000000)
  region size 1024K, 24 young (24576K), 24 survivors (24576K)
 Metaspace       used 183655K, committed 188352K, reserved 1245184K
  class space    used 23696K, committed 25728K, reserved 1048576K
}
Event: 2836.696 GC heap before
{Heap before GC invocations=101 (full 0):
 garbage-first heap   total 414720K, used 258673K [0x0000000080000000, 0x0000000100000000)
  region size 1024K, 100 young (102400K), 24 survivors (24576K)
 Metaspace       used 183557K, committed 188352K, reserved 1245184K
  class space    used 23652K, committed 25728K, reserved 1048576K
}
Event: 2836.751 GC heap after
{Heap after GC invocations=102 (full 0):
 garbage-first heap   total 414720K, used 174351K [0x0000000080000000, 0x0000000100000000)
  region size 1024K, 6 young (6144K), 6 survivors (6144K)
 Metaspace       used 183557K, committed 188352K, reserved 1245184K
  class space    used 23652K, committed 25728K, reserved 1048576K
}
Event: 3764.809 GC heap before
{Heap before GC invocations=102 (full 0):
 garbage-first heap   total 414720K, used 391439K [0x0000000080000000, 0x0000000100000000)
  region size 1024K, 164 young (167936K), 6 survivors (6144K)
 Metaspace       used 184047K, committed 188352K, reserved 1245184K
  class space    used 23701K, committed 25728K, reserved 1048576K
}
Event: 3764.972 GC heap after
{Heap after GC invocations=103 (full 0):
 garbage-first heap   total 414720K, used 167936K [0x0000000080000000, 0x0000000100000000)
  region size 1024K, 2 young (2048K), 2 survivors (2048K)
 Metaspace       used 184047K, committed 188352K, reserved 1245184K
  class space    used 23701K, committed 25728K, reserved 1048576K
}
Event: 5177.686 GC heap before
{Heap before GC invocations=103 (full 0):
 garbage-first heap   total 414720K, used 218112K [0x0000000080000000, 0x0000000100000000)
  region size 1024K, 52 young (53248K), 2 survivors (2048K)
 Metaspace       used 184106K, committed 188352K, reserved 1245184K
  class space    used 23708K, committed 25728K, reserved 1048576K
}
Event: 5177.714 GC heap after
{Heap after GC invocations=104 (full 0):
 garbage-first heap   total 414720K, used 166304K [0x0000000080000000, 0x0000000100000000)
  region size 1024K, 4 young (4096K), 4 survivors (4096K)
 Metaspace       used 184106K, committed 188352K, reserved 1245184K
  class space    used 23708K, committed 25728K, reserved 1048576K
}
Event: 5183.123 GC heap before
{Heap before GC invocations=104 (full 0):
 garbage-first heap   total 414720K, used 248224K [0x0000000080000000, 0x0000000100000000)
  region size 1024K, 81 young (82944K), 4 survivors (4096K)
 Metaspace       used 184143K, committed 188352K, reserved 1245184K
  class space    used 23710K, committed 25728K, reserved 1048576K
}
Event: 5183.187 GC heap after
{Heap after GC invocations=105 (full 0):
 garbage-first heap   total 414720K, used 182623K [0x0000000080000000, 0x0000000100000000)
  region size 1024K, 11 young (11264K), 11 survivors (11264K)
 Metaspace       used 184143K, committed 188352K, reserved 1245184K
  class space    used 23710K, committed 25728K, reserved 1048576K
}
Event: 5183.265 GC heap before
{Heap before GC invocations=105 (full 0):
 garbage-first heap   total 414720K, used 191839K [0x0000000080000000, 0x0000000100000000)
  region size 1024K, 20 young (20480K), 11 survivors (11264K)
 Metaspace       used 184144K, committed 188352K, reserved 1245184K
  class space    used 23710K, committed 25728K, reserved 1048576K
}
Event: 5183.321 GC heap after
{Heap after GC invocations=106 (full 0):
 garbage-first heap   total 414720K, used 185332K [0x0000000080000000, 0x0000000100000000)
  region size 1024K, 3 young (3072K), 3 survivors (3072K)
 Metaspace       used 184144K, committed 188352K, reserved 1245184K
  class space    used 23710K, committed 25728K, reserved 1048576K
}
Event: 5183.829 GC heap before
{Heap before GC invocations=106 (full 0):
 garbage-first heap   total 414720K, used 276468K [0x0000000080000000, 0x0000000100000000)
  region size 1024K, 85 young (87040K), 3 survivors (3072K)
 Metaspace       used 184184K, committed 188352K, reserved 1245184K
  class space    used 23710K, committed 25728K, reserved 1048576K
}
Event: 5183.905 GC heap after
{Heap after GC invocations=107 (full 0):
 garbage-first heap   total 414720K, used 209920K [0x0000000080000000, 0x0000000100000000)
  region size 1024K, 11 young (11264K), 11 survivors (11264K)
 Metaspace       used 184184K, committed 188352K, reserved 1245184K
  class space    used 23710K, committed 25728K, reserved 1048576K
}

